{"/home/nrogers/backend-project-lvl2/formatters/plain.js": {"path":"/home/nrogers/backend-project-lvl2/formatters/plain.js","all":false,"statementMap":{"0":{"start":{"line":1,"column":0},"end":{"line":1,"column":23}},"1":{"start":{"line":2,"column":0},"end":{"line":2,"column":0}},"2":{"start":{"line":3,"column":0},"end":{"line":3,"column":30}},"3":{"start":{"line":4,"column":0},"end":{"line":4,"column":26}},"4":{"start":{"line":5,"column":0},"end":{"line":5,"column":29}},"5":{"start":{"line":6,"column":0},"end":{"line":6,"column":3}},"6":{"start":{"line":7,"column":0},"end":{"line":7,"column":26}},"7":{"start":{"line":8,"column":0},"end":{"line":8,"column":24}},"8":{"start":{"line":9,"column":0},"end":{"line":9,"column":3}},"9":{"start":{"line":10,"column":0},"end":{"line":10,"column":20}},"10":{"start":{"line":11,"column":0},"end":{"line":11,"column":2}},"11":{"start":{"line":12,"column":0},"end":{"line":12,"column":0}},"12":{"start":{"line":13,"column":0},"end":{"line":13,"column":52}},"13":{"start":{"line":14,"column":0},"end":{"line":14,"column":36}},"14":{"start":{"line":15,"column":0},"end":{"line":15,"column":113}},"15":{"start":{"line":16,"column":0},"end":{"line":16,"column":3}},"16":{"start":{"line":17,"column":0},"end":{"line":17,"column":36}},"17":{"start":{"line":18,"column":0},"end":{"line":18,"column":44}},"18":{"start":{"line":19,"column":0},"end":{"line":19,"column":3}},"19":{"start":{"line":20,"column":0},"end":{"line":20,"column":34}},"20":{"start":{"line":21,"column":0},"end":{"line":21,"column":84}},"21":{"start":{"line":22,"column":0},"end":{"line":22,"column":3}},"22":{"start":{"line":23,"column":0},"end":{"line":23,"column":35}},"23":{"start":{"line":24,"column":0},"end":{"line":24,"column":40}},"24":{"start":{"line":25,"column":0},"end":{"line":25,"column":89}},"25":{"start":{"line":26,"column":0},"end":{"line":26,"column":3}},"26":{"start":{"line":27,"column":0},"end":{"line":27,"column":12}},"27":{"start":{"line":28,"column":0},"end":{"line":28,"column":2}},"28":{"start":{"line":29,"column":0},"end":{"line":29,"column":0}},"29":{"start":{"line":30,"column":0},"end":{"line":30,"column":36}},"30":{"start":{"line":31,"column":0},"end":{"line":31,"column":59}},"31":{"start":{"line":32,"column":0},"end":{"line":32,"column":13}},"32":{"start":{"line":33,"column":0},"end":{"line":33,"column":0}},"33":{"start":{"line":34,"column":0},"end":{"line":34,"column":27}}},"s":{"0":1,"1":1,"2":1,"3":25,"4":4,"5":4,"6":25,"7":12,"8":12,"9":9,"10":1,"11":1,"12":1,"13":28,"14":9,"15":9,"16":28,"17":3,"18":3,"19":28,"20":7,"21":7,"22":28,"23":6,"24":6,"25":6,"26":3,"27":1,"28":1,"29":1,"30":1,"31":1,"32":1,"33":1},"branchMap":{"0":{"type":"branch","line":1,"loc":{"start":{"line":1,"column":0},"end":{"line":34,"column":27}},"locations":[{"start":{"line":1,"column":0},"end":{"line":34,"column":27}}]},"1":{"type":"branch","line":3,"loc":{"start":{"line":3,"column":18},"end":{"line":11,"column":1}},"locations":[{"start":{"line":3,"column":18},"end":{"line":11,"column":1}}]},"2":{"type":"branch","line":4,"loc":{"start":{"line":4,"column":25},"end":{"line":6,"column":3}},"locations":[{"start":{"line":4,"column":25},"end":{"line":6,"column":3}}]},"3":{"type":"branch","line":7,"loc":{"start":{"line":7,"column":-1},"end":{"line":7,"column":25}},"locations":[{"start":{"line":7,"column":-1},"end":{"line":7,"column":25}}]},"4":{"type":"branch","line":7,"loc":{"start":{"line":7,"column":25},"end":{"line":9,"column":3}},"locations":[{"start":{"line":7,"column":25},"end":{"line":9,"column":3}}]},"5":{"type":"branch","line":10,"loc":{"start":{"line":10,"column":-1},"end":{"line":11,"column":0}},"locations":[{"start":{"line":10,"column":-1},"end":{"line":11,"column":0}}]},"6":{"type":"branch","line":13,"loc":{"start":{"line":13,"column":26},"end":{"line":28,"column":1}},"locations":[{"start":{"line":13,"column":26},"end":{"line":28,"column":1}}]},"7":{"type":"branch","line":14,"loc":{"start":{"line":14,"column":35},"end":{"line":16,"column":3}},"locations":[{"start":{"line":14,"column":35},"end":{"line":16,"column":3}}]},"8":{"type":"branch","line":17,"loc":{"start":{"line":17,"column":-1},"end":{"line":17,"column":35}},"locations":[{"start":{"line":17,"column":-1},"end":{"line":17,"column":35}}]},"9":{"type":"branch","line":17,"loc":{"start":{"line":17,"column":35},"end":{"line":19,"column":3}},"locations":[{"start":{"line":17,"column":35},"end":{"line":19,"column":3}}]},"10":{"type":"branch","line":20,"loc":{"start":{"line":20,"column":-1},"end":{"line":20,"column":33}},"locations":[{"start":{"line":20,"column":-1},"end":{"line":20,"column":33}}]},"11":{"type":"branch","line":20,"loc":{"start":{"line":20,"column":33},"end":{"line":22,"column":3}},"locations":[{"start":{"line":20,"column":33},"end":{"line":22,"column":3}}]},"12":{"type":"branch","line":23,"loc":{"start":{"line":23,"column":-1},"end":{"line":23,"column":34}},"locations":[{"start":{"line":23,"column":-1},"end":{"line":23,"column":34}}]},"13":{"type":"branch","line":23,"loc":{"start":{"line":23,"column":34},"end":{"line":26,"column":3}},"locations":[{"start":{"line":23,"column":34},"end":{"line":26,"column":3}}]},"14":{"type":"branch","line":27,"loc":{"start":{"line":27,"column":-1},"end":{"line":28,"column":0}},"locations":[{"start":{"line":27,"column":-1},"end":{"line":28,"column":0}}]},"15":{"type":"branch","line":25,"loc":{"start":{"line":25,"column":29},"end":{"line":25,"column":76}},"locations":[{"start":{"line":25,"column":29},"end":{"line":25,"column":76}}]},"16":{"type":"branch","line":30,"loc":{"start":{"line":30,"column":20},"end":{"line":32,"column":12}},"locations":[{"start":{"line":30,"column":20},"end":{"line":32,"column":12}}]},"17":{"type":"branch","line":31,"loc":{"start":{"line":31,"column":23},"end":{"line":31,"column":57}},"locations":[{"start":{"line":31,"column":23},"end":{"line":31,"column":57}}]}},"b":{"0":[1],"1":[25],"2":[4],"3":[21],"4":[12],"5":[9],"6":[28],"7":[9],"8":[19],"9":[3],"10":[16],"11":[7],"12":[9],"13":[6],"14":[3],"15":[23],"16":[1],"17":[5]},"fnMap":{"0":{"name":"stringify","decl":{"start":{"line":3,"column":18},"end":{"line":11,"column":1}},"loc":{"start":{"line":3,"column":18},"end":{"line":11,"column":1}},"line":3},"1":{"name":"stringifyDiffElem","decl":{"start":{"line":13,"column":26},"end":{"line":28,"column":1}},"loc":{"start":{"line":13,"column":26},"end":{"line":28,"column":1}},"line":13},"2":{"name":"formatPlain","decl":{"start":{"line":30,"column":20},"end":{"line":32,"column":12}},"loc":{"start":{"line":30,"column":20},"end":{"line":32,"column":12}},"line":30}},"f":{"0":25,"1":28,"2":1}}
,"/home/nrogers/backend-project-lvl2/formatters/stylish.js": {"path":"/home/nrogers/backend-project-lvl2/formatters/stylish.js","all":false,"statementMap":{"0":{"start":{"line":1,"column":0},"end":{"line":1,"column":90}},"1":{"start":{"line":2,"column":0},"end":{"line":2,"column":72}},"2":{"start":{"line":3,"column":0},"end":{"line":3,"column":42}},"3":{"start":{"line":4,"column":0},"end":{"line":4,"column":50}},"4":{"start":{"line":5,"column":0},"end":{"line":5,"column":22}},"5":{"start":{"line":6,"column":0},"end":{"line":6,"column":5}},"6":{"start":{"line":7,"column":0},"end":{"line":7,"column":62}},"7":{"start":{"line":8,"column":0},"end":{"line":8,"column":75}},"8":{"start":{"line":9,"column":0},"end":{"line":9,"column":43}},"9":{"start":{"line":10,"column":0},"end":{"line":10,"column":12}},"10":{"start":{"line":11,"column":0},"end":{"line":11,"column":10}},"11":{"start":{"line":12,"column":0},"end":{"line":12,"column":24}},"12":{"start":{"line":13,"column":0},"end":{"line":13,"column":78}},"13":{"start":{"line":14,"column":0},"end":{"line":14,"column":8}},"14":{"start":{"line":15,"column":0},"end":{"line":15,"column":26}},"15":{"start":{"line":16,"column":0},"end":{"line":16,"column":17}},"16":{"start":{"line":17,"column":0},"end":{"line":17,"column":4}},"17":{"start":{"line":18,"column":0},"end":{"line":18,"column":54}},"18":{"start":{"line":19,"column":0},"end":{"line":19,"column":2}},"19":{"start":{"line":20,"column":0},"end":{"line":20,"column":0}},"20":{"start":{"line":21,"column":0},"end":{"line":21,"column":54}},"21":{"start":{"line":22,"column":0},"end":{"line":22,"column":49}},"22":{"start":{"line":23,"column":0},"end":{"line":23,"column":36}},"23":{"start":{"line":24,"column":0},"end":{"line":24,"column":12}},"24":{"start":{"line":25,"column":0},"end":{"line":25,"column":83}},"25":{"start":{"line":26,"column":0},"end":{"line":26,"column":83}},"26":{"start":{"line":27,"column":0},"end":{"line":27,"column":6}},"27":{"start":{"line":28,"column":0},"end":{"line":28,"column":3}},"28":{"start":{"line":29,"column":0},"end":{"line":29,"column":36}},"29":{"start":{"line":30,"column":0},"end":{"line":30,"column":88}},"30":{"start":{"line":31,"column":0},"end":{"line":31,"column":3}},"31":{"start":{"line":32,"column":0},"end":{"line":32,"column":34}},"32":{"start":{"line":33,"column":0},"end":{"line":33,"column":88}},"33":{"start":{"line":34,"column":0},"end":{"line":34,"column":3}},"34":{"start":{"line":35,"column":0},"end":{"line":35,"column":35}},"35":{"start":{"line":36,"column":0},"end":{"line":36,"column":40}},"36":{"start":{"line":37,"column":0},"end":{"line":37,"column":56}},"37":{"start":{"line":38,"column":0},"end":{"line":38,"column":12}},"38":{"start":{"line":39,"column":0},"end":{"line":39,"column":38}},"39":{"start":{"line":40,"column":0},"end":{"line":40,"column":73}},"40":{"start":{"line":41,"column":0},"end":{"line":41,"column":26}},"41":{"start":{"line":42,"column":0},"end":{"line":42,"column":6}},"42":{"start":{"line":43,"column":0},"end":{"line":43,"column":3}},"43":{"start":{"line":44,"column":0},"end":{"line":44,"column":58}},"44":{"start":{"line":45,"column":0},"end":{"line":45,"column":2}},"45":{"start":{"line":46,"column":0},"end":{"line":46,"column":0}},"46":{"start":{"line":47,"column":0},"end":{"line":47,"column":38}},"47":{"start":{"line":48,"column":0},"end":{"line":48,"column":6}},"48":{"start":{"line":49,"column":0},"end":{"line":49,"column":55}},"49":{"start":{"line":50,"column":0},"end":{"line":50,"column":6}},"50":{"start":{"line":51,"column":0},"end":{"line":51,"column":13}},"51":{"start":{"line":52,"column":0},"end":{"line":52,"column":0}},"52":{"start":{"line":53,"column":0},"end":{"line":53,"column":29}}},"s":{"0":1,"1":56,"2":76,"3":76,"4":60,"5":60,"6":16,"7":16,"8":16,"9":16,"10":16,"11":16,"12":16,"13":16,"14":16,"15":16,"16":56,"17":56,"18":1,"19":1,"20":1,"21":56,"22":56,"23":18,"24":18,"25":18,"26":18,"27":18,"28":56,"29":6,"30":6,"31":56,"32":14,"33":14,"34":56,"35":12,"36":12,"37":12,"38":12,"39":12,"40":12,"41":12,"42":12,"43":6,"44":1,"45":1,"46":1,"47":2,"48":2,"49":2,"50":1,"51":1,"52":1},"branchMap":{"0":{"type":"branch","line":1,"loc":{"start":{"line":1,"column":0},"end":{"line":53,"column":29}},"locations":[{"start":{"line":1,"column":0},"end":{"line":53,"column":29}}]},"1":{"type":"branch","line":1,"loc":{"start":{"line":1,"column":18},"end":{"line":19,"column":1}},"locations":[{"start":{"line":1,"column":18},"end":{"line":19,"column":1}}]},"2":{"type":"branch","line":2,"loc":{"start":{"line":2,"column":28},"end":{"line":17,"column":3}},"locations":[{"start":{"line":2,"column":28},"end":{"line":17,"column":3}}]},"3":{"type":"branch","line":4,"loc":{"start":{"line":4,"column":32},"end":{"line":4,"column":47}},"locations":[{"start":{"line":4,"column":32},"end":{"line":4,"column":47}}]},"4":{"type":"branch","line":4,"loc":{"start":{"line":4,"column":49},"end":{"line":6,"column":5}},"locations":[{"start":{"line":4,"column":49},"end":{"line":6,"column":5}}]},"5":{"type":"branch","line":7,"loc":{"start":{"line":7,"column":-1},"end":{"line":17,"column":2}},"locations":[{"start":{"line":7,"column":-1},"end":{"line":17,"column":2}}]},"6":{"type":"branch","line":13,"loc":{"start":{"line":13,"column":8},"end":{"line":13,"column":77}},"locations":[{"start":{"line":13,"column":8},"end":{"line":13,"column":77}}]},"7":{"type":"branch","line":21,"loc":{"start":{"line":21,"column":26},"end":{"line":45,"column":1}},"locations":[{"start":{"line":21,"column":26},"end":{"line":45,"column":1}}]},"8":{"type":"branch","line":23,"loc":{"start":{"line":23,"column":35},"end":{"line":28,"column":3}},"locations":[{"start":{"line":23,"column":35},"end":{"line":28,"column":3}}]},"9":{"type":"branch","line":29,"loc":{"start":{"line":29,"column":-1},"end":{"line":29,"column":35}},"locations":[{"start":{"line":29,"column":-1},"end":{"line":29,"column":35}}]},"10":{"type":"branch","line":29,"loc":{"start":{"line":29,"column":35},"end":{"line":31,"column":3}},"locations":[{"start":{"line":29,"column":35},"end":{"line":31,"column":3}}]},"11":{"type":"branch","line":32,"loc":{"start":{"line":32,"column":-1},"end":{"line":32,"column":33}},"locations":[{"start":{"line":32,"column":-1},"end":{"line":32,"column":33}}]},"12":{"type":"branch","line":32,"loc":{"start":{"line":32,"column":33},"end":{"line":34,"column":3}},"locations":[{"start":{"line":32,"column":33},"end":{"line":34,"column":3}}]},"13":{"type":"branch","line":35,"loc":{"start":{"line":35,"column":-1},"end":{"line":35,"column":34}},"locations":[{"start":{"line":35,"column":-1},"end":{"line":35,"column":34}}]},"14":{"type":"branch","line":35,"loc":{"start":{"line":35,"column":34},"end":{"line":43,"column":3}},"locations":[{"start":{"line":35,"column":34},"end":{"line":43,"column":3}}]},"15":{"type":"branch","line":44,"loc":{"start":{"line":44,"column":-1},"end":{"line":45,"column":0}},"locations":[{"start":{"line":44,"column":-1},"end":{"line":45,"column":0}}]},"16":{"type":"branch","line":40,"loc":{"start":{"line":40,"column":27},"end":{"line":40,"column":71}},"locations":[{"start":{"line":40,"column":27},"end":{"line":40,"column":71}}]},"17":{"type":"branch","line":47,"loc":{"start":{"line":47,"column":22},"end":{"line":51,"column":12}},"locations":[{"start":{"line":47,"column":22},"end":{"line":51,"column":12}}]},"18":{"type":"branch","line":49,"loc":{"start":{"line":49,"column":23},"end":{"line":49,"column":53}},"locations":[{"start":{"line":49,"column":23},"end":{"line":49,"column":53}}]}},"b":{"0":[1],"1":[56],"2":[76],"3":[20],"4":[60],"5":[16],"6":[20],"7":[56],"8":[18],"9":[38],"10":[6],"11":[32],"12":[14],"13":[18],"14":[12],"15":[6],"16":[46],"17":[2],"18":[10]},"fnMap":{"0":{"name":"stringify","decl":{"start":{"line":1,"column":18},"end":{"line":19,"column":1}},"loc":{"start":{"line":1,"column":18},"end":{"line":19,"column":1}},"line":1},"1":{"name":"stringifyInternal","decl":{"start":{"line":2,"column":28},"end":{"line":17,"column":3}},"loc":{"start":{"line":2,"column":28},"end":{"line":17,"column":3}},"line":2},"2":{"name":"stringifyDiffElem","decl":{"start":{"line":21,"column":26},"end":{"line":45,"column":1}},"loc":{"start":{"line":21,"column":26},"end":{"line":45,"column":1}},"line":21},"3":{"name":"formatStylish","decl":{"start":{"line":47,"column":22},"end":{"line":51,"column":12}},"loc":{"start":{"line":47,"column":22},"end":{"line":51,"column":12}},"line":47}},"f":{"0":56,"1":76,"2":56,"3":2}}
,"/home/nrogers/backend-project-lvl2/src/genDiff.js": {"path":"/home/nrogers/backend-project-lvl2/src/genDiff.js","all":false,"statementMap":{"0":{"start":{"line":1,"column":0},"end":{"line":1,"column":20}},"1":{"start":{"line":2,"column":0},"end":{"line":2,"column":24}},"2":{"start":{"line":3,"column":0},"end":{"line":3,"column":23}},"3":{"start":{"line":4,"column":0},"end":{"line":4,"column":35}},"4":{"start":{"line":5,"column":0},"end":{"line":5,"column":53}},"5":{"start":{"line":6,"column":0},"end":{"line":6,"column":49}},"6":{"start":{"line":7,"column":0},"end":{"line":7,"column":0}},"7":{"start":{"line":8,"column":0},"end":{"line":8,"column":35}},"8":{"start":{"line":9,"column":0},"end":{"line":9,"column":78}},"9":{"start":{"line":10,"column":0},"end":{"line":10,"column":26}},"10":{"start":{"line":11,"column":0},"end":{"line":11,"column":29}},"11":{"start":{"line":12,"column":0},"end":{"line":12,"column":29}},"12":{"start":{"line":13,"column":0},"end":{"line":13,"column":0}},"13":{"start":{"line":14,"column":0},"end":{"line":14,"column":59}},"14":{"start":{"line":15,"column":0},"end":{"line":15,"column":59}},"15":{"start":{"line":16,"column":0},"end":{"line":16,"column":26}},"16":{"start":{"line":17,"column":0},"end":{"line":17,"column":12}},"17":{"start":{"line":18,"column":0},"end":{"line":18,"column":22}},"18":{"start":{"line":19,"column":0},"end":{"line":19,"column":15}},"19":{"start":{"line":20,"column":0},"end":{"line":20,"column":8}},"20":{"start":{"line":21,"column":0},"end":{"line":21,"column":5}},"21":{"start":{"line":22,"column":0},"end":{"line":22,"column":0}},"22":{"start":{"line":23,"column":0},"end":{"line":23,"column":63}},"23":{"start":{"line":24,"column":0},"end":{"line":24,"column":26}},"24":{"start":{"line":25,"column":0},"end":{"line":25,"column":12}},"25":{"start":{"line":26,"column":0},"end":{"line":26,"column":24}},"26":{"start":{"line":27,"column":0},"end":{"line":27,"column":15}},"27":{"start":{"line":28,"column":0},"end":{"line":28,"column":8}},"28":{"start":{"line":29,"column":0},"end":{"line":29,"column":5}},"29":{"start":{"line":30,"column":0},"end":{"line":30,"column":51}},"30":{"start":{"line":31,"column":0},"end":{"line":31,"column":17}},"31":{"start":{"line":32,"column":0},"end":{"line":32,"column":49}},"32":{"start":{"line":33,"column":0},"end":{"line":33,"column":26}},"33":{"start":{"line":34,"column":0},"end":{"line":34,"column":12}},"34":{"start":{"line":35,"column":0},"end":{"line":35,"column":17}},"35":{"start":{"line":36,"column":0},"end":{"line":36,"column":23}},"36":{"start":{"line":37,"column":0},"end":{"line":37,"column":8}},"37":{"start":{"line":38,"column":0},"end":{"line":38,"column":5}},"38":{"start":{"line":39,"column":0},"end":{"line":39,"column":41}},"39":{"start":{"line":40,"column":0},"end":{"line":40,"column":26}},"40":{"start":{"line":41,"column":0},"end":{"line":41,"column":12}},"41":{"start":{"line":42,"column":0},"end":{"line":42,"column":24}},"42":{"start":{"line":43,"column":0},"end":{"line":43,"column":15}},"43":{"start":{"line":44,"column":0},"end":{"line":44,"column":15}},"44":{"start":{"line":45,"column":0},"end":{"line":45,"column":8}},"45":{"start":{"line":46,"column":0},"end":{"line":46,"column":5}},"46":{"start":{"line":47,"column":0},"end":{"line":47,"column":24}},"47":{"start":{"line":48,"column":0},"end":{"line":48,"column":10}},"48":{"start":{"line":49,"column":0},"end":{"line":49,"column":24}},"49":{"start":{"line":50,"column":0},"end":{"line":50,"column":13}},"50":{"start":{"line":51,"column":0},"end":{"line":51,"column":6}},"51":{"start":{"line":52,"column":0},"end":{"line":52,"column":4}},"52":{"start":{"line":53,"column":0},"end":{"line":53,"column":0}},"53":{"start":{"line":54,"column":0},"end":{"line":54,"column":37}},"54":{"start":{"line":55,"column":0},"end":{"line":55,"column":39}},"55":{"start":{"line":56,"column":0},"end":{"line":56,"column":44}},"56":{"start":{"line":57,"column":0},"end":{"line":57,"column":2}},"57":{"start":{"line":58,"column":0},"end":{"line":58,"column":0}},"58":{"start":{"line":59,"column":0},"end":{"line":59,"column":58}},"59":{"start":{"line":60,"column":0},"end":{"line":60,"column":41}},"60":{"start":{"line":61,"column":0},"end":{"line":61,"column":41}},"61":{"start":{"line":62,"column":0},"end":{"line":62,"column":38}},"62":{"start":{"line":63,"column":0},"end":{"line":63,"column":38}},"63":{"start":{"line":64,"column":0},"end":{"line":64,"column":60}},"64":{"start":{"line":65,"column":0},"end":{"line":65,"column":60}},"65":{"start":{"line":66,"column":0},"end":{"line":66,"column":44}},"66":{"start":{"line":67,"column":0},"end":{"line":67,"column":44}},"67":{"start":{"line":68,"column":0},"end":{"line":68,"column":32}},"68":{"start":{"line":69,"column":0},"end":{"line":69,"column":50}},"69":{"start":{"line":70,"column":0},"end":{"line":70,"column":3}},"70":{"start":{"line":71,"column":0},"end":{"line":71,"column":30}},"71":{"start":{"line":72,"column":0},"end":{"line":72,"column":48}},"72":{"start":{"line":73,"column":0},"end":{"line":73,"column":3}},"73":{"start":{"line":74,"column":0},"end":{"line":74,"column":29}},"74":{"start":{"line":75,"column":0},"end":{"line":75,"column":51}},"75":{"start":{"line":76,"column":0},"end":{"line":76,"column":3}},"76":{"start":{"line":77,"column":0},"end":{"line":77,"column":14}},"77":{"start":{"line":78,"column":0},"end":{"line":78,"column":2}},"78":{"start":{"line":79,"column":0},"end":{"line":79,"column":0}},"79":{"start":{"line":80,"column":0},"end":{"line":80,"column":23}}},"s":{"0":1,"1":1,"2":1,"3":1,"4":1,"5":1,"6":1,"7":1,"8":21,"9":21,"10":84,"11":84,"12":84,"13":84,"14":84,"15":21,"16":21,"17":21,"18":21,"19":21,"20":21,"21":63,"22":84,"23":9,"24":9,"25":9,"26":9,"27":9,"28":9,"29":84,"30":18,"31":18,"32":18,"33":18,"34":18,"35":18,"36":18,"37":18,"38":84,"39":27,"40":27,"41":27,"42":27,"43":27,"44":27,"45":27,"46":9,"47":9,"48":9,"49":9,"50":9,"51":21,"52":21,"53":21,"54":21,"55":21,"56":1,"57":1,"58":1,"59":3,"60":3,"61":3,"62":3,"63":3,"64":3,"65":3,"66":3,"67":3,"68":2,"69":2,"70":1,"71":1,"72":1,"73":0,"74":0,"75":0,"76":0,"77":1,"78":1,"79":1},"branchMap":{"0":{"type":"branch","line":1,"loc":{"start":{"line":1,"column":0},"end":{"line":80,"column":23}},"locations":[{"start":{"line":1,"column":0},"end":{"line":80,"column":23}}]},"1":{"type":"branch","line":8,"loc":{"start":{"line":8,"column":18},"end":{"line":57,"column":1}},"locations":[{"start":{"line":8,"column":18},"end":{"line":57,"column":1}}]},"2":{"type":"branch","line":10,"loc":{"start":{"line":10,"column":16},"end":{"line":52,"column":3}},"locations":[{"start":{"line":10,"column":16},"end":{"line":52,"column":3}}]},"3":{"type":"branch","line":15,"loc":{"start":{"line":15,"column":26},"end":{"line":15,"column":45}},"locations":[{"start":{"line":15,"column":26},"end":{"line":15,"column":45}}]},"4":{"type":"branch","line":15,"loc":{"start":{"line":15,"column":47},"end":{"line":21,"column":5}},"locations":[{"start":{"line":15,"column":47},"end":{"line":21,"column":5}}]},"5":{"type":"branch","line":22,"loc":{"start":{"line":22,"column":-1},"end":{"line":23,"column":46}},"locations":[{"start":{"line":22,"column":-1},"end":{"line":23,"column":46}}]},"6":{"type":"branch","line":23,"loc":{"start":{"line":23,"column":49},"end":{"line":29,"column":5}},"locations":[{"start":{"line":23,"column":49},"end":{"line":29,"column":5}}]},"7":{"type":"branch","line":30,"loc":{"start":{"line":30,"column":-1},"end":{"line":30,"column":27}},"locations":[{"start":{"line":30,"column":-1},"end":{"line":30,"column":27}}]},"8":{"type":"branch","line":30,"loc":{"start":{"line":30,"column":27},"end":{"line":30,"column":48}},"locations":[{"start":{"line":30,"column":27},"end":{"line":30,"column":48}}]},"9":{"type":"branch","line":30,"loc":{"start":{"line":30,"column":50},"end":{"line":38,"column":5}},"locations":[{"start":{"line":30,"column":50},"end":{"line":38,"column":5}}]},"10":{"type":"branch","line":39,"loc":{"start":{"line":39,"column":-1},"end":{"line":39,"column":27}},"locations":[{"start":{"line":39,"column":-1},"end":{"line":39,"column":27}}]},"11":{"type":"branch","line":39,"loc":{"start":{"line":39,"column":27},"end":{"line":46,"column":5}},"locations":[{"start":{"line":39,"column":27},"end":{"line":46,"column":5}}]},"12":{"type":"branch","line":47,"loc":{"start":{"line":47,"column":-1},"end":{"line":52,"column":2}},"locations":[{"start":{"line":47,"column":-1},"end":{"line":52,"column":2}}]},"13":{"type":"branch","line":59,"loc":{"start":{"line":59,"column":16},"end":{"line":78,"column":1}},"locations":[{"start":{"line":59,"column":16},"end":{"line":78,"column":1}}]},"14":{"type":"branch","line":68,"loc":{"start":{"line":68,"column":31},"end":{"line":70,"column":3}},"locations":[{"start":{"line":68,"column":31},"end":{"line":70,"column":3}}]},"15":{"type":"branch","line":71,"loc":{"start":{"line":71,"column":-1},"end":{"line":73,"column":3}},"locations":[{"start":{"line":71,"column":-1},"end":{"line":73,"column":3}}]},"16":{"type":"branch","line":74,"loc":{"start":{"line":74,"column":-1},"end":{"line":78,"column":0}},"locations":[{"start":{"line":74,"column":-1},"end":{"line":78,"column":0}}]}},"b":{"0":[1],"1":[21],"2":[84],"3":[21],"4":[21],"5":[63],"6":[9],"7":[54],"8":[21],"9":[18],"10":[36],"11":[27],"12":[9],"13":[3],"14":[2],"15":[1],"16":[0]},"fnMap":{"0":{"name":"buildDiff","decl":{"start":{"line":8,"column":18},"end":{"line":57,"column":1}},"loc":{"start":{"line":8,"column":18},"end":{"line":57,"column":1}},"line":8},"1":{"name":"build","decl":{"start":{"line":10,"column":16},"end":{"line":52,"column":3}},"loc":{"start":{"line":10,"column":16},"end":{"line":52,"column":3}},"line":10},"2":{"name":"genDiff","decl":{"start":{"line":59,"column":16},"end":{"line":78,"column":1}},"loc":{"start":{"line":59,"column":16},"end":{"line":78,"column":1}},"line":59}},"f":{"0":21,"1":84,"2":3}}
,"/home/nrogers/backend-project-lvl2/src/parseData.js": {"path":"/home/nrogers/backend-project-lvl2/src/parseData.js","all":false,"statementMap":{"0":{"start":{"line":1,"column":0},"end":{"line":1,"column":27}},"1":{"start":{"line":2,"column":0},"end":{"line":2,"column":0}},"2":{"start":{"line":3,"column":0},"end":{"line":3,"column":17}},"3":{"start":{"line":4,"column":0},"end":{"line":4,"column":19}},"4":{"start":{"line":5,"column":0},"end":{"line":5,"column":17}},"5":{"start":{"line":6,"column":0},"end":{"line":6,"column":18}},"6":{"start":{"line":7,"column":0},"end":{"line":7,"column":2}},"7":{"start":{"line":8,"column":0},"end":{"line":8,"column":0}},"8":{"start":{"line":9,"column":0},"end":{"line":9,"column":46}},"9":{"start":{"line":10,"column":0},"end":{"line":10,"column":0}},"10":{"start":{"line":11,"column":0},"end":{"line":11,"column":107}},"11":{"start":{"line":12,"column":0},"end":{"line":12,"column":0}},"12":{"start":{"line":13,"column":0},"end":{"line":13,"column":21}}},"s":{"0":1,"1":1,"2":1,"3":1,"4":1,"5":1,"6":1,"7":1,"8":1,"9":1,"10":1,"11":1,"12":1},"branchMap":{"0":{"type":"branch","line":1,"loc":{"start":{"line":1,"column":0},"end":{"line":13,"column":21}},"locations":[{"start":{"line":1,"column":0},"end":{"line":13,"column":21}}]},"1":{"type":"branch","line":9,"loc":{"start":{"line":9,"column":18},"end":{"line":9,"column":45}},"locations":[{"start":{"line":9,"column":18},"end":{"line":9,"column":45}}]},"2":{"type":"branch","line":11,"loc":{"start":{"line":11,"column":14},"end":{"line":11,"column":106}},"locations":[{"start":{"line":11,"column":14},"end":{"line":11,"column":106}}]},"3":{"type":"branch","line":11,"loc":{"start":{"line":11,"column":101},"end":{"line":11,"column":105}},"locations":[{"start":{"line":11,"column":101},"end":{"line":11,"column":105}}]}},"b":{"0":[1],"1":[6],"2":[6],"3":[0]},"fnMap":{"0":{"name":"getParser","decl":{"start":{"line":9,"column":18},"end":{"line":9,"column":45}},"loc":{"start":{"line":9,"column":18},"end":{"line":9,"column":45}},"line":9},"1":{"name":"parse","decl":{"start":{"line":11,"column":14},"end":{"line":11,"column":106}},"loc":{"start":{"line":11,"column":14},"end":{"line":11,"column":106}},"line":11}},"f":{"0":6,"1":6}}
}
