TN:
SF:formatters/plain.js
FN:3,stringify
FN:13,stringifyDiffElem
FN:30,formatPlain
FNF:3
FNH:3
FNDA:25,stringify
FNDA:28,stringifyDiffElem
FNDA:1,formatPlain
DA:1,1
DA:2,1
DA:3,1
DA:4,25
DA:5,4
DA:6,4
DA:7,25
DA:8,12
DA:9,12
DA:10,9
DA:11,1
DA:12,1
DA:13,1
DA:14,28
DA:15,9
DA:16,9
DA:17,28
DA:18,3
DA:19,3
DA:20,28
DA:21,7
DA:22,7
DA:23,28
DA:24,6
DA:25,6
DA:26,6
DA:27,3
DA:28,1
DA:29,1
DA:30,1
DA:31,1
DA:32,1
DA:33,1
DA:34,1
LF:34
LH:34
BRDA:1,0,0,1
BRDA:3,1,0,25
BRDA:4,2,0,4
BRDA:7,3,0,21
BRDA:7,4,0,12
BRDA:10,5,0,9
BRDA:13,6,0,28
BRDA:14,7,0,9
BRDA:17,8,0,19
BRDA:17,9,0,3
BRDA:20,10,0,16
BRDA:20,11,0,7
BRDA:23,12,0,9
BRDA:23,13,0,6
BRDA:27,14,0,3
BRDA:25,15,0,23
BRDA:30,16,0,1
BRDA:31,17,0,5
BRF:18
BRH:18
end_of_record
TN:
SF:formatters/stylish.js
FN:1,stringify
FN:2,stringifyInternal
FN:21,stringifyDiffElem
FN:47,formatStylish
FNF:4
FNH:4
FNDA:56,stringify
FNDA:76,stringifyInternal
FNDA:56,stringifyDiffElem
FNDA:2,formatStylish
DA:1,1
DA:2,56
DA:3,76
DA:4,76
DA:5,60
DA:6,60
DA:7,16
DA:8,16
DA:9,16
DA:10,16
DA:11,16
DA:12,16
DA:13,16
DA:14,16
DA:15,16
DA:16,16
DA:17,56
DA:18,56
DA:19,1
DA:20,1
DA:21,1
DA:22,56
DA:23,56
DA:24,18
DA:25,18
DA:26,18
DA:27,18
DA:28,18
DA:29,56
DA:30,6
DA:31,6
DA:32,56
DA:33,14
DA:34,14
DA:35,56
DA:36,12
DA:37,12
DA:38,12
DA:39,12
DA:40,12
DA:41,12
DA:42,12
DA:43,12
DA:44,6
DA:45,1
DA:46,1
DA:47,1
DA:48,2
DA:49,2
DA:50,2
DA:51,1
DA:52,1
DA:53,1
LF:53
LH:53
BRDA:1,0,0,1
BRDA:1,1,0,56
BRDA:2,2,0,76
BRDA:4,3,0,20
BRDA:4,4,0,60
BRDA:7,5,0,16
BRDA:13,6,0,20
BRDA:21,7,0,56
BRDA:23,8,0,18
BRDA:29,9,0,38
BRDA:29,10,0,6
BRDA:32,11,0,32
BRDA:32,12,0,14
BRDA:35,13,0,18
BRDA:35,14,0,12
BRDA:44,15,0,6
BRDA:40,16,0,46
BRDA:47,17,0,2
BRDA:49,18,0,10
BRF:19
BRH:19
end_of_record
TN:
SF:src/genDiff.js
FN:8,buildDiff
FN:10,build
FN:59,genDiff
FNF:3
FNH:3
FNDA:21,buildDiff
FNDA:84,build
FNDA:3,genDiff
DA:1,1
DA:2,1
DA:3,1
DA:4,1
DA:5,1
DA:6,1
DA:7,1
DA:8,1
DA:9,21
DA:10,21
DA:11,84
DA:12,84
DA:13,84
DA:14,84
DA:15,84
DA:16,21
DA:17,21
DA:18,21
DA:19,21
DA:20,21
DA:21,21
DA:22,63
DA:23,84
DA:24,9
DA:25,9
DA:26,9
DA:27,9
DA:28,9
DA:29,9
DA:30,84
DA:31,18
DA:32,18
DA:33,18
DA:34,18
DA:35,18
DA:36,18
DA:37,18
DA:38,18
DA:39,84
DA:40,27
DA:41,27
DA:42,27
DA:43,27
DA:44,27
DA:45,27
DA:46,27
DA:47,9
DA:48,9
DA:49,9
DA:50,9
DA:51,9
DA:52,21
DA:53,21
DA:54,21
DA:55,21
DA:56,21
DA:57,1
DA:58,1
DA:59,1
DA:60,3
DA:61,3
DA:62,3
DA:63,3
DA:64,3
DA:65,3
DA:66,3
DA:67,3
DA:68,3
DA:69,2
DA:70,2
DA:71,1
DA:72,1
DA:73,1
DA:74,0
DA:75,0
DA:76,0
DA:77,0
DA:78,1
DA:79,1
DA:80,1
LF:80
LH:76
BRDA:1,0,0,1
BRDA:8,1,0,21
BRDA:10,2,0,84
BRDA:15,3,0,21
BRDA:15,4,0,21
BRDA:22,5,0,63
BRDA:23,6,0,9
BRDA:30,7,0,54
BRDA:30,8,0,21
BRDA:30,9,0,18
BRDA:39,10,0,36
BRDA:39,11,0,27
BRDA:47,12,0,9
BRDA:59,13,0,3
BRDA:68,14,0,2
BRDA:71,15,0,1
BRDA:74,16,0,0
BRF:17
BRH:16
end_of_record
TN:
SF:src/parseData.js
FN:9,getParser
FN:11,parse
FNF:2
FNH:2
FNDA:6,getParser
FNDA:6,parse
DA:1,1
DA:2,1
DA:3,1
DA:4,1
DA:5,1
DA:6,1
DA:7,1
DA:8,1
DA:9,1
DA:10,1
DA:11,1
DA:12,1
DA:13,1
LF:13
LH:13
BRDA:1,0,0,1
BRDA:9,1,0,6
BRDA:11,2,0,6
BRDA:11,3,0,0
BRF:4
BRH:3
end_of_record
